release/2.705_play/mapping/release/configuration.txt
# The proguard configuration file for the following section is intermediates\proguard-files\proguard-android.txt-4.1.2
# This is a configuration file for ProGuard.
# http://proguard.sourceforge.net/index.html#manual/usage.html
#
# Starting with version 2.2 of the Android plugin for Gradle, this file is distributed together with
# the plugin and unpacked at build-time. The files in $ANDROID_HOME are no longer maintained and
# will be ignored by new version of the Android plugin for Gradle.

# Optimization is turned off by default. Dex does not like code run
# through the ProGuard optimize steps (and performs some
# of these optimizations on its own).
# Note that if you want to enable optimization, you cannot just
# include optimization flags in your own project configuration file;
# instead you will need to point to the
# "proguard-android-optimize.txt" file instead of this one from your
# project.properties file.
-dontoptimize

-dontusemixedcaseclassnames
-dontskipnonpubliclibraryclasses
-verbose

# Preserve some attributes that may be required for reflection.
-keepattributes *Annotation*,Signature,InnerClasses,EnclosingMethod

-keep public class com.google.vending.licensing.ILicensingService
-keep public class com.android.vending.licensing.ILicensingService
-keep public class com.google.android.vending.licensing.ILicensingService
-dontnote com.android.vending.licensing.ILicensingService
-dontnote com.google.vending.licensing.ILicensingService
-dontnote com.google.android.vending.licensing.ILicensingService

# For native methods, see http://proguard.sourceforge.net/manual/examples.html#native
-keepclasseswithmembernames,includedescriptorclasses class * {
    native <methods>;
}

# Keep setters in Views so that animations can still work.
-keepclassmembers public class * extends android.view.View {
    void set*(***);
    *** get*();
}

# We want to keep methods in Activity that could be used in the XML attribute onClick.
-keepclassmembers class * extends android.app.Activity {
    public void *(android.view.View);
}

# For enumeration classes, see http://proguard.sourceforge.net/manual/examples.html#enumerations
-keepclassmembers enum * {
    public static **[] values();
    public static ** valueOf(java.lang.String);
}

-keepclassmembers class * implements android.os.Parcelable {
    public static final ** CREATOR;
}

# Preserve annotated Javascript interface methods.
-keepclassmembers class * {
    @android.webkit.JavascriptInterface <methods>;
}

# The support libraries contains references to newer platform versions.
# Don't warn about those in case this app is linking against an older
# platform version. We know about them, and they are safe.
-dontnote android.support.**
-dontnote androidx.**
-dontwarn android.support.**
-dontwarn androidx.**

# This class is deprecated, but remains for backward compatibility.
-dontwarn android.util.FloatMath

# Understand the @Keep support annotation.
-keep class android.support.annotation.Keep
-keep class androidx.annotation.Keep

-keep @android.support.annotation.Keep class * {*;}
-keep @androidx.annotation.Keep class * {*;}

-keepclasseswithmembers class * {
    @android.support.annotation.Keep <methods>;
}

-keepclasseswithmembers class * {
    @androidx.annotation.Keep <methods>;
}

-keepclasseswithmembers class * {
    @android.support.annotation.Keep <fields>;
}

-keepclasseswithmembers class * {
    @androidx.annotation.Keep <fields>;
}

-keepclasseswithmembers class * {
    @android.support.annotation.Keep <init>(...);
}

-keepclasseswithmembers class * {
    @androidx.annotation.Keep <init>(...);
}

# These classes are duplicated between android.jar and org.apache.http.legacy.jar.
-dontnote org.apache.http.**
-dontnote android.net.http.**

# These classes are duplicated between android.jar and core-lambda-stubs.jar.
-dontnote java.lang.invoke.**

# End of content from intermediates\proguard-files\proguard-android.txt-4.1.2
# The proguard configuration file for the following section is GeometricWeather\app\proguard-rules.pro
# Add project specific ProGuard rules here.
# By default, the flags in this file are appended to flags specified
# in D:\androidSDK\androidSDK/tools/proguard/proguard-android.txt
# You can edit the include path and order by changing the proguardFiles
# directive in build.gradle.
#
# For more details, see
#   http://developer.android.com/guide/developing/tools/proguard.html

# Add any project specific keep options here:

# If your project uses WebView with JS, uncomment the following
# and specify the fully qualified class name to the JavaScript interface
# class:
#-keepclassmembers class fqcn.of.javascript.interface.for.webview {
#   public *;
#}

-keep class wangdaye.com.geometricweather.basic.model.** { *; }
-keep class wangdaye.com.geometricweather.weather.json.** { *; }
-keep class wangdaye.com.geometricweather.db.entity.** { *; }
-keep class wangdaye.com.geometricweather.location.service.ip.** { *; }

-dontskipnonpubliclibraryclassmembers
-printconfiguration
-keep,allowobfuscation @interface android.support.annotation.Keep
-keep @android.support.annotation.Keep class *
-keepclassmembers class * {
    @android.support.annotation.Keep *;
}

-optimizationpasses 5
-dontusemixedcaseclassnames
-dontskipnonpubliclibraryclasses
-verbose
-dontskipnonpubliclibraryclassmembers
-dontpreverify
-keepattributes *Annotation*,InnerClasses
-keepattributes Signature
-keepattributes SourceFile,LineNumberTable
-optimizations !code/simplification/cast,!field/*,!class/merging/*

-keep public class * extends android.app.Activity
-keep public class * extends android.app.Appliction
-keep public class * extends android.app.Service
-keep public class * extends android.content.BroadcastReceiver
-keep public class * extends android.content.ContentProvider
-keep public class * extends android.app.backup.BackupAgentHelper
-keep public class * extends android.preference.Preference
-keep public class * extends android.view.View
-keep public class com.android.vending.licensing.ILicensingService

-keep class android.support.** {*;}
-keep class androidx.lifecycle.** {*;}
-keep class android.arch.lifecycle.** {*;}

-keep public class * extends android.support.v4.**
-keep public class * extends android.support.v7.**
-keep public class * extends android.support.annotation.**

-keep class **.R$* {*;}

-keepclasseswithmembernames class * {
    native <methods>;
}

-keep class className$InnerName{
    public <fields>;
    public <methods>;
}

-keepclassmembers class * extends android.app.Activity{
    public void *(android.view.View);
}

-keepclassmembers enum * {
    public static **[] values();
    public static ** valueOf(java.lang.String);
}

-keep public class * extends android.view.View{
    *** get*();
    void set*(***);
    public <init>(android.content.Context);
    public <init>(android.content.Context, android.util.AttributeSet);
    public <init>(android.content.Context, android.util.AttributeSet, int);
}

-keep class * implements android.os.Parcelable {
    public static final android.os.Parcelable$Creator *;
}

-keepclassmembers class * implements java.io.Serializable {
    static final long serialVersionUID;
    private static final java.io.ObjectStreamField[] serialPersistentFields;
    !static !transient <fields>;
    !private <fields>;
    !private <methods>;
    private void writeObject(java.io.ObjectOutputStream);
    private void readObject(java.io.ObjectInputStream);
    java.lang.Object writeReplace();
    java.lang.Object readResolve();
}

-keepclassmembers class * {
    void *(**On*Event);
    void *(**On*Listener);
}

-keepclassmembers class fqcn.of.javascript.interface.for.webview {
    public *;
}
-keepclassmembers class * extends android.webkit.webViewClient {
    public void *(android.webkit.WebView, java.lang.String, android.graphics.Bitmap);
    public boolean *(android.webkit.WebView, java.lang.String);
}
-keepclassmembers class * extends android.webkit.webViewClient {
    public void *(android.webkit.webView, jav.lang.String);
}

-assumenosideeffects class android.util.Log {
    public static int v(...);
    public static int i(...);
    public static int w(...);
    public static int d(...);
    public static int e(...);
}

# AMap
-keep class com.amap.api.location.**{*;}
-keep class com.amap.api.fence.**{*;}
-keep class com.autonavi.aps.amapapi.model.**{*;}

# ButterKnife
-keep class butterknife.** { *; }
-dontwarn butterknife.internal.**
-keep class **$$ViewBinder { *; }
-keepclasseswithmembernames class * {
    @butterknife.* <fields>;
}
-keepclasseswithmembernames class * {
    @butterknife.* <methods>;
}

# Glide
-keep public class * implements com.bumptech.glide.module.GlideModule
-keep public enum com.bumptech.glide.load.resource.bitmap.ImageHeaderParser$** {
  **[] $VALUES;
  public *;
}

### greenDAO 2
-keepclassmembers class * extends de.greenrobot.dao.AbstractDao {
public static java.lang.String TABLENAME;
}
-keep class **$Properties

### greenDAO 3
-keepclassmembers class * extends org.greenrobot.greendao.AbstractDao {
public static java.lang.String TABLENAME;
}
-keep class **$Properties

-keepclassmembers class * extends org.greenrobot.greendao.AbstractDao {
    public static void dropTable(org.greenrobot.greendao.database.Database, boolean);
    public static void createTable(org.greenrobot.greendao.database.Database, boolean);
}

# If you do not use SQLCipher:
-dontwarn org.greenrobot.greendao.database.**
# If you do not use RxJava:
-dontwarn rx.**

# Gson
-keep class sun.misc.Unsafe { *; }
-keep class com.google.gson.stream.** { *; }

# OkHttp
-keep class com.squareup.okhttp.** { *; }
-keep interface com.squareup.okhttp.** { *; }
-dontwarn com.squareup.okhttp.**

# OkHttp3
-dontwarn com.squareup.okhttp3.**
-keep class com.squareup.okhttp3.** { *;}

# Okio
-dontwarn com.squareup.**
-dontwarn okio.**
-dontwarn okhttp3.**
-dontwarn javax.annotation.Nullable
-dontwarn javax.annotation.ParametersAreNonnullByDefault
-dontwarn com.hitomi.**
-keep public class org.codehaus.* { *; }
-keep public class java.nio.* { *; }
-keep class okio.** { *; }
-keep interface okio.** { *; }
-keep class okhttp3.** { *; }
-keep interface okhttp3.** { *; }
-keep class com.hitomi.** { *; }
-keep interface com.hitomi.** { *; }

# Retrofit
-dontwarn retrofit2.**
-keep class retrofit2.** { *; }
-keepattributes Signature
-keepattributes Exceptions

# Retrolambda
-dontwarn java.lang.invoke.*
-dontwarn **$$Lambda$*

# CircularProgressView
-keep class com.github.rahatarmanahmed.cpv.** { *; }

# Cyanogenmod
-keep class cyanogenmod.** { *; }
-dontwarn cyanogenmod.**

# Bugly
-dontwarn com.tencent.bugly.**
-keep public class com.tencent.bugly.**{*;}

# RxJava, RxAndroid
-dontwarn sun.misc.**
-keepclassmembers class rx.internal.util.unsafe.*ArrayQueue*Field* {
    long producerIndex;
    long consumerIndex;
}
-keepclassmembers class rx.internal.util.unsafe.BaseLinkedQueueProducerNodeRef {
    rx.internal.util.atomic.LinkedQueueNode producerNode;
}
-keepclassmembers class rx.internal.util.unsafe.BaseLinkedQueueConsumerNodeRef {
    rx.internal.util.atomic.LinkedQueueNode consumerNode;
}
-dontnote rx.internal.util.PlatformDependent

## RxLifeCycle
-keep class com.trello.rxlifecycle2.** { *; }
-keep interface com.trello.rxlifecycle2.** { *; }
# End of content from GeometricWeather\app\proguard-rules.pro
# The proguard configuration file for the following section is aapt_proguard_file\release\aapt_rules.txt
-keep class androidx.core.app.CoreComponentFactory { <init>(); }
-keep class androidx.lifecycle.ProcessLifecycleOwnerInitializer { <init>(); }
-keep class androidx.room.MultiInstanceInvalidationService { <init>(); }
-keep class androidx.work.impl.WorkManagerInitializer { <init>(); }
-keep class androidx.work.impl.background.systemalarm.ConstraintProxy$BatteryChargingProxy { <init>(); }
-keep class androidx.work.impl.background.systemalarm.ConstraintProxy$BatteryNotLowProxy { <init>(); }
-keep class androidx.work.impl.background.systemalarm.ConstraintProxy$NetworkStateProxy { <init>(); }
-keep class androidx.work.impl.background.systemalarm.ConstraintProxy$StorageNotLowProxy { <init>(); }
-keep class androidx.work.impl.background.systemalarm.ConstraintProxyUpdateReceiver { <init>(); }
-keep class androidx.work.impl.background.systemalarm.RescheduleReceiver { <init>(); }
-keep class androidx.work.impl.background.systemalarm.SystemAlarmService { <init>(); }
-keep class androidx.work.impl.background.systemjob.SystemJobService { <init>(); }
-keep class androidx.work.impl.diagnostics.DiagnosticsReceiver { <init>(); }
-keep class androidx.work.impl.foreground.SystemForegroundService { <init>(); }
-keep class androidx.work.impl.utils.ForceStopRunnable$BroadcastReceiver { <init>(); }
-keep class com.amap.api.location.APSService { <init>(); }
-keep class com.baidu.location.f { <init>(); }
-keep class com.google.android.gms.common.api.GoogleApiActivity { <init>(); }
-keep class wangdaye.com.geometricweather.GeometricWeather { <init>(); }
-keep class wangdaye.com.geometricweather.background.polling.basic.AwakeForegroundUpdateService { <init>(); }
-keep class wangdaye.com.geometricweather.background.polling.permanent.observer.FakeForegroundService { <init>(); }
-keep class wangdaye.com.geometricweather.background.polling.permanent.observer.TimeObserverService { <init>(); }
-keep class wangdaye.com.geometricweather.background.polling.permanent.update.ForegroundNormalUpdateService { <init>(); }
-keep class wangdaye.com.geometricweather.background.polling.permanent.update.ForegroundTodayForecastUpdateService { <init>(); }
-keep class wangdaye.com.geometricweather.background.polling.permanent.update.ForegroundTomorrowForecastUpdateService { <init>(); }
-keep class wangdaye.com.geometricweather.background.receiver.MainReceiver { <init>(); }
-keep class wangdaye.com.geometricweather.background.receiver.widget.WidgetClockDayDetailsProvider { <init>(); }
-keep class wangdaye.com.geometricweather.background.receiver.widget.WidgetClockDayHorizontalProvider { <init>(); }
-keep class wangdaye.com.geometricweather.background.receiver.widget.WidgetClockDayVerticalProvider { <init>(); }
-keep class wangdaye.com.geometricweather.background.receiver.widget.WidgetClockDayWeekProvider { <init>(); }
-keep class wangdaye.com.geometricweather.background.receiver.widget.WidgetDayProvider { <init>(); }
-keep class wangdaye.com.geometricweather.background.receiver.widget.WidgetDayWeekProvider { <init>(); }
-keep class wangdaye.com.geometricweather.background.receiver.widget.WidgetMultiCityProvider { <init>(); }
-keep class wangdaye.com.geometricweather.background.receiver.widget.WidgetTextProvider { <init>(); }
-keep class wangdaye.com.geometricweather.background.receiver.widget.WidgetTrendDailyProvider { <init>(); }
-keep class wangdaye.com.geometricweather.background.receiver.widget.WidgetTrendHourlyProvider { <init>(); }
-keep class wangdaye.com.geometricweather.background.receiver.widget.WidgetWeekProvider { <init>(); }
-keep class wangdaye.com.geometricweather.background.service.CMWeatherProviderService { <init>(); }
-keep class wangdaye.com.geometricweather.background.service.TileService { <init>(); }
-keep class wangdaye.com.geometricweather.daily.DailyWeatherActivity { <init>(); }
-keep class wangdaye.com.geometricweather.main.MainActivity { <init>(); }
-keep class wangdaye.com.geometricweather.manage.ManageActivity { <init>(); }
-keep class wangdaye.com.geometricweather.manage.search.SearchActivity { <init>(); }
-keep class wangdaye.com.geometricweather.remoteviews.config.ClockDayDetailsWidgetConfigActivity { <init>(); }
-keep class wangdaye.com.geometricweather.remoteviews.config.ClockDayHorizontalWidgetConfigActivity { <init>(); }
-keep class wangdaye.com.geometricweather.remoteviews.config.ClockDayVerticalWidgetConfigActivity { <init>(); }
-keep class wangdaye.com.geometricweather.remoteviews.config.ClockDayWeekWidgetConfigActivity { <init>(); }
-keep class wangdaye.com.geometricweather.remoteviews.config.DailyTrendWidgetConfigActivity { <init>(); }
-keep class wangdaye.com.geometricweather.remoteviews.config.DayWeekWidgetConfigActivity { <init>(); }
-keep class wangdaye.com.geometricweather.remoteviews.config.DayWidgetConfigActivity { <init>(); }
-keep class wangdaye.com.geometricweather.remoteviews.config.HourlyTrendWidgetConfigActivity { <init>(); }
-keep class wangdaye.com.geometricweather.remoteviews.config.MultiCityWidgetConfigActivity { <init>(); }
-keep class wangdaye.com.geometricweather.remoteviews.config.TextWidgetConfigActivity { <init>(); }
-keep class wangdaye.com.geometricweather.remoteviews.config.WeekWidgetConfigActivity { <init>(); }
-keep class wangdaye.com.geometricweather.settings.activity.AboutActivity { <init>(); }
-keep class wangdaye.com.geometricweather.settings.activity.CardDisplayManageActivity { <init>(); }
-keep class wangdaye.com.geometricweather.settings.activity.DailyTrendDisplayManageActivity { <init>(); }
-keep class wangdaye.com.geometricweather.settings.activity.PreviewIconActivity { <init>(); }
-keep class wangdaye.com.geometricweather.settings.activity.SelectProviderActivity { <init>(); }
-keep class wangdaye.com.geometricweather.settings.activity.SettingsActivity { <init>(); }
-keep class wangdaye.com.geometricweather.ui.activity.AlertActivity { <init>(); }
-keep class wangdaye.com.geometricweather.ui.activity.AllergenActivity { <init>(); }
-keep class wangdaye.com.geometricweather.ui.activity.AwakeUpdateActivity { <init>(); }
-keep class wangdaye.com.geometricweather.wallpaper.LiveWallpaperConfigActivity { <init>(); }
-keep class wangdaye.com.geometricweather.wallpaper.MaterialLiveWallpaperService { <init>(); }
-keep class android.widget.Space { <init>(android.content.Context, android.util.AttributeSet); }

-keep class androidx.appcompat.app.AlertController$RecycleListView { <init>(android.content.Context, android.util.AttributeSet); }

-keep class androidx.appcompat.view.menu.ActionMenuItemView { <init>(android.content.Context, android.util.AttributeSet); }

-keep class androidx.appcompat.view.menu.ExpandedMenuView { <init>(android.content.Context, android.util.AttributeSet); }

-keep class androidx.appcompat.view.menu.ListMenuItemView { <init>(android.content.Context, android.util.AttributeSet); }

-keep class androidx.appcompat.widget.ActionBarContainer { <init>(android.content.Context, android.util.AttributeSet); }

-keep class androidx.appcompat.widget.ActionBarContextView { <init>(android.content.Context, android.util.AttributeSet); }

-keep class androidx.appcompat.widget.ActionBarOverlayLayout { <init>(android.content.Context, android.util.AttributeSet); }

-keep class androidx.appcompat.widget.ActionMenuView { <init>(android.content.Context, android.util.AttributeSet); }

-keep class androidx.appcompat.widget.ActivityChooserView$InnerLayout { <init>(android.content.Context, android.util.AttributeSet); }

-keep class androidx.appcompat.widget.AlertDialogLayout { <init>(android.content.Context, android.util.AttributeSet); }

-keep class androidx.appcompat.widget.AppCompatImageButton { <init>(android.content.Context, android.util.AttributeSet); }

-keep class androidx.appcompat.widget.AppCompatImageView { <init>(android.content.Context, android.util.AttributeSet); }

-keep class androidx.appcompat.widget.AppCompatSpinner { <init>(android.content.Context, android.util.AttributeSet); }

-keep class androidx.appcompat.widget.ButtonBarLayout { <init>(android.content.Context, android.util.AttributeSet); }

-keep class androidx.appcompat.widget.ContentFrameLayout { <init>(android.content.Context, android.util.AttributeSet); }

-keep class androidx.appcompat.widget.DialogTitle { <init>(android.content.Context, android.util.AttributeSet); }

-keep class androidx.appcompat.widget.FitWindowsFrameLayout { <init>(android.content.Context, android.util.AttributeSet); }