release/2.705_play/mapping/release/seeds.txt
androidx.constraintlayout.widget.R$attr: int windowActionBar
okhttp3.internal.http2.Http2Connection$4: java.util.List val$requestHeaders
wangdaye.com.geometricweather.R$attr: int themeLineHeight
com.bumptech.glide.R$styleable: int GradientColor_android_type
cyanogenmod.externalviews.KeyguardExternalViewProviderService$Provider$ProviderImpl: boolean onSearchRequested(android.view.SearchEvent)
androidx.lifecycle.SavedStateHandleController$1: void onStateChanged(androidx.lifecycle.LifecycleOwner,androidx.lifecycle.Lifecycle$Event)
wangdaye.com.geometricweather.R$drawable: int notif_temp_90
james.adaptiveicon.R$styleable: int AppCompatTheme_activityChooserViewStyle
com.turingtechnologies.materialscrollbar.R$id: int src_in
com.turingtechnologies.materialscrollbar.R$color: int abc_search_url_text
com.xw.repo.bubbleseekbar.R$id: int textSpacerNoTitle
wangdaye.com.geometricweather.R$drawable: int abc_list_focused_holo
okhttp3.internal.http2.Http2Writer: void windowUpdate(int,long)
androidx.appcompat.view.menu.ListMenuItemView: android.view.LayoutInflater getInflater()
android.didikee.donate.R$styleable: int AppCompatTheme_textAppearanceSearchResultSubtitle
io.reactivex.Observable: io.reactivex.Observable concatDelayError(java.lang.Iterable)
androidx.preference.R$dimen: int abc_dialog_padding_top_material
androidx.preference.R$styleable: int AppCompatTheme_buttonBarButtonStyle
cyanogenmod.externalviews.KeyguardExternalView$9: cyanogenmod.externalviews.KeyguardExternalView this$0
okhttp3.internal.connection.RealConnection: void trackFailure(java.io.IOException)
androidx.constraintlayout.widget.R$style: int Base_Animation_AppCompat_Dialog
wangdaye.com.geometricweather.weather.json.caiyun.CaiYunMainlyResult$ForecastDailyBean$TemperatureBeanX: java.util.List value
wangdaye.com.geometricweather.basic.model.option.unit.SpeedUnit: wangdaye.com.geometricweather.basic.model.option.unit.SpeedUnit KN
wangdaye.com.geometricweather.ui.widget.insets.FitSystemBarRecyclerView
android.didikee.donate.R$style: int Widget_AppCompat_Light_DropDownItem_Spinner
wangdaye.com.geometricweather.basic.model.weather.PrecipitationProbability: java.lang.Float getSnow()
okio.AsyncTimeout: void scheduleTimeout(okio.AsyncTimeout,long,boolean)
androidx.activity.R$id: int accessibility_custom_action_14
okhttp3.internal.tls.DistinguishedNameParser: java.lang.String findMostSpecific(java.lang.String)
androidx.core.R$id: int text2
cyanogenmod.app.IProfileManager$Stub: int TRANSACTION_getProfiles
androidx.appcompat.resources.R$styleable: int StateListDrawable_android_variablePadding
com.google.android.material.R$style: int CardView_Dark
wangdaye.com.geometricweather.R$styleable: int AppCompatTheme_listChoiceIndicatorMultipleAnimated
wangdaye.com.geometricweather.R$style: int Base_Widget_AppCompat_RatingBar_Small
okhttp3.HttpUrl: java.lang.String fragment()
com.turingtechnologies.materialscrollbar.R$dimen: int abc_edit_text_inset_horizontal_material
okio.Buffer: void readFully(byte[])
com.google.android.material.R$animator: int linear_indeterminate_line2_head_interpolator
com.google.android.material.tabs.TabLayout: void setOnTabSelectedListener(com.google.android.material.tabs.TabLayout$OnTabSelectedListener)
com.jaredrummler.android.colorpicker.R$styleable: int FontFamilyFont_android_font
okhttp3.Cache: int writeAbortCount
okhttp3.CacheControl: int maxStaleSeconds()
cyanogenmod.alarmclock.ClockContract$InstancesColumns: int SNOOZE_STATE
androidx.preference.R$id: int search_badge
androidx.vectordrawable.R$id: int accessibility_custom_action_2
com.google.android.material.R$interpolator: int btn_checkbox_checked_mtrl_animation_interpolator_0
androidx.coordinatorlayout.R$id: int async
com.google.android.material.R$styleable: int ActionBar_contentInsetEnd
okhttp3.internal.connection.RouteDatabase: void connected(okhttp3.Route)
androidx.customview.R$styleable: int ColorStateListItem_alpha
cyanogenmod.externalviews.IKeyguardExternalViewProvider: void onKeyguardDismissed()