release/2.705_play/mapping/release/usage.txt
io.reactivex.internal.operators.completable.CompletableMaterialize
cn.nekocode.rxlifecycle.transformer.BindLifecycleMaybeTransformer
io.reactivex.internal.operators.maybe.MaybeTimeoutPublisher$TimeoutFallbackMaybeObserver
androidx.collection.CircularArray
androidx.preference.PreferenceDialogFragment
androidx.transition.ChangeImageTransform
com.google.android.gms.common.GooglePlayServicesUtilLight:
    public static void enableUsingApkIndependentContext()
    void <init>()
    public static int isGooglePlayServicesAvailable(android.content.Context)
    public static void ensurePlayServicesAvailable(android.content.Context,int)
    public static boolean isGooglePlayServicesUid(android.content.Context,int)
    public static boolean uidHasPackageName(android.content.Context,int,java.lang.String)
    public static android.content.Intent getGooglePlayServicesAvailabilityRecoveryIntent(int)
    public static boolean honorsDebugCertificates(android.content.Context)
    public static android.app.PendingIntent getErrorPendingIntent(int,android.content.Context,int)
    public static void cancelAvailabilityErrorNotifications(android.content.Context)
    public static int getClientVersion(android.content.Context)
    public static int getApkVersion(android.content.Context)
    public static boolean isSidewinderDevice(android.content.Context)
    public static boolean isPlayStorePossiblyUpdating(android.content.Context,int)
    public static final java.lang.String GOOGLE_PLAY_SERVICES_PACKAGE
    public static final java.lang.String GOOGLE_PLAY_GAMES_PACKAGE
    public static final java.lang.String GOOGLE_PLAY_STORE_PACKAGE
    static final int GMS_GENERAL_ERROR_NOTIFICATION_ID
    static final int GMS_AVAILABILITY_NOTIFICATION_ID
io.reactivex.internal.operators.maybe.MaybeIgnoreElement$IgnoreMaybeObserver
com.google.android.gms.tasks.zzs
cn.nekocode.rxlifecycle.transformer.BindLifecycleCompletableTransformer
io.reactivex.internal.operators.maybe.MaybeFlatMapCompletable$FlatMapCompletableObserver
com.google.android.gms.location.zzw
com.bumptech.glide.util.pool.GlideTrace:
    private void <init>()
    private static java.lang.String truncateTag(java.lang.String)
    public static void beginSectionFormat(java.lang.String,java.lang.Object,java.lang.Object)
    private static final boolean TRACING_ENABLED
    private static final int MAX_LENGTH
io.reactivex.internal.operators.flowable.FlowableTimeInterval$TimeIntervalSubscriber
io.reactivex.internal.operators.observable.ObservablePublish:
    public io.reactivex.ObservableSource source()
com.google.android.gms.tasks.zzb
androidx.viewbinding.R
androidx.preference.MultiSelectListPreferenceDialogFragmentCompat:
    private static final java.lang.String SAVE_STATE_VALUES
    private static final java.lang.String SAVE_STATE_CHANGED
    private static final java.lang.String SAVE_STATE_ENTRIES
    private static final java.lang.String SAVE_STATE_ENTRY_VALUES
androidx.annotation.GuardedBy
wangdaye.com.geometricweather.databinding.WidgetWeekBinding
io.reactivex.internal.operators.mixed.SingleFlatMapObservable
io.reactivex.internal.operators.parallel.ParallelReduce
io.reactivex.internal.operators.flowable.FlowableGroupJoin$JoinSupport
io.reactivex.internal.operators.flowable.FlowableTimeout$TimeoutFallbackSubscriber
androidx.recyclerview.widget.RecyclerView$RecycledViewPool:
    public void setMaxRecycledViews(int,int)
    public int getRecycledViewCount(int)
    int size()
    private static final int DEFAULT_MAX_SCRAP
io.reactivex.internal.operators.flowable.FlowableInternalHelper$FlatMapIntoIterable
com.bumptech.glide.util.Executors:
    private void <init>()
    public static void shutdownAndAwaitTermination(java.util.concurrent.ExecutorService)
androidx.room.Room:
    public void <init>()
    static final java.lang.String LOG_TAG
    public static final java.lang.String MASTER_TABLE_NAME
    private static final java.lang.String CURSOR_CONV_SUFFIX